<?xml version="1.0" encoding="UTF-8"?>
<testng-results ignored="0" total="1" passed="1" failed="0" skipped="0">
  <reporter-output>
  </reporter-output>
  <suite started-at="2023-08-31T18:13:49 IST" name="Default suite" finished-at="2023-08-31T18:14:10 IST" duration-ms="20759">
    <groups>
    </groups>
    <test started-at="2023-08-31T18:13:49 IST" name="Default test" finished-at="2023-08-31T18:14:10 IST" duration-ms="20759">
      <class name="test.HomePageTest">
        <test-method is-config="true" signature="set()[pri:0, instance:test.HomePageTest@3590fc5b]" started-at="2023-08-31T18:13:49 IST" name="set" finished-at="2023-08-31T18:13:57 IST" duration-ms="8030" status="PASS">
          <reporter-output>
          </reporter-output>
        </test-method> <!-- set -->
        <test-method is-config="true" signature="urlload()[pri:0, instance:test.HomePageTest@3590fc5b]" started-at="2023-08-31T18:13:57 IST" name="urlload" finished-at="2023-08-31T18:14:05 IST" duration-ms="7259" status="PASS">
          <reporter-output>
          </reporter-output>
        </test-method> <!-- urlload -->
        <test-method signature="hometest()[pri:0, instance:test.HomePageTest@3590fc5b]" started-at="2023-08-31T18:14:05 IST" name="hometest" finished-at="2023-08-31T18:14:10 IST" duration-ms="5375" status="PASS">
          <reporter-output>
          </reporter-output>
        </test-method> <!-- hometest -->
      </class> <!-- test.HomePageTest -->
    </test> <!-- Default test -->
  </suite> <!-- Default suite -->
</testng-results>
